<?xml version="1.0" encoding="UTF-8"?>
<!-- Generated by org.testng.reporters.JUnitReportReporter -->
<testsuite hostname="TNQ-DTP-1091" name="com.test.task.Main" tests="2" failures="0" timestamp="27 Aug 2018 10:55:14 GMT" time="38.658" errors="0">
  <testcase name="screenShot" time="4.898" classname="com.test.task.Main"/>
  <testcase name="fileUpload" time="33.760" classname="com.test.task.Main"/>
</testsuite> <!-- com.test.task.Main -->
